mode: set
github.com/uber/h3-go/v4/h3.go:199.41,201.2 1 1
github.com/uber/h3-go/v4/h3.go:204.64,210.2 3 1
github.com/uber/h3-go/v4/h3.go:213.52,215.2 1 1
github.com/uber/h3-go/v4/h3.go:218.43,224.2 3 1
github.com/uber/h3-go/v4/h3.go:227.40,229.2 1 1
github.com/uber/h3-go/v4/h3.go:232.51,238.2 3 1
github.com/uber/h3-go/v4/h3.go:241.48,243.2 1 1
github.com/uber/h3-go/v4/h3.go:252.51,257.2 3 1
github.com/uber/h3-go/v4/h3.go:266.47,268.2 1 1
github.com/uber/h3-go/v4/h3.go:281.63,284.25 3 1
github.com/uber/h3-go/v4/h3.go:284.25,287.37 3 1
github.com/uber/h3-go/v4/h3.go:287.37,289.4 1 1
github.com/uber/h3-go/v4/h3.go:290.3,290.42 1 1
github.com/uber/h3-go/v4/h3.go:292.2,292.17 1 1
github.com/uber/h3-go/v4/h3.go:306.62,311.108 4 1
github.com/uber/h3-go/v4/h3.go:311.108,313.3 1 1
github.com/uber/h3-go/v4/h3.go:315.2,316.26 2 1
github.com/uber/h3-go/v4/h3.go:316.26,318.3 1 1
github.com/uber/h3-go/v4/h3.go:320.2,320.29 1 1
github.com/uber/h3-go/v4/h3.go:320.29,322.3 1 1
github.com/uber/h3-go/v4/h3.go:324.2,324.17 1 1
github.com/uber/h3-go/v4/h3.go:338.58,340.2 1 1
github.com/uber/h3-go/v4/h3.go:352.68,357.114 4 1
github.com/uber/h3-go/v4/h3.go:357.114,359.3 1 1
github.com/uber/h3-go/v4/h3.go:361.2,362.26 2 1
github.com/uber/h3-go/v4/h3.go:362.26,364.3 1 1
github.com/uber/h3-go/v4/h3.go:366.2,366.29 1 1
github.com/uber/h3-go/v4/h3.go:366.29,368.3 1 1
github.com/uber/h3-go/v4/h3.go:370.2,370.17 1 1
github.com/uber/h3-go/v4/h3.go:383.64,385.2 1 1
github.com/uber/h3-go/v4/h3.go:396.66,401.112 4 1
github.com/uber/h3-go/v4/h3.go:401.112,403.3 1 1
github.com/uber/h3-go/v4/h3.go:405.2,406.26 2 1
github.com/uber/h3-go/v4/h3.go:406.26,408.3 1 1
github.com/uber/h3-go/v4/h3.go:410.2,410.29 1 1
github.com/uber/h3-go/v4/h3.go:410.29,412.3 1 1
github.com/uber/h3-go/v4/h3.go:414.2,414.17 1 1
github.com/uber/h3-go/v4/h3.go:426.62,428.2 1 1
github.com/uber/h3-go/v4/h3.go:435.51,436.11 1 1
github.com/uber/h3-go/v4/h3.go:436.11,438.3 1 1
github.com/uber/h3-go/v4/h3.go:439.2,441.50 3 1
github.com/uber/h3-go/v4/h3.go:449.47,451.2 1 1
github.com/uber/h3-go/v4/h3.go:456.57,457.11 1 1
github.com/uber/h3-go/v4/h3.go:457.11,459.3 1 1
github.com/uber/h3-go/v4/h3.go:460.2,462.50 3 1
github.com/uber/h3-go/v4/h3.go:468.53,470.2 1 1
github.com/uber/h3-go/v4/h3.go:479.73,480.31 1 1
github.com/uber/h3-go/v4/h3.go:480.31,482.3 1 1
github.com/uber/h3-go/v4/h3.go:483.2,488.93 4 1
github.com/uber/h3-go/v4/h3.go:488.93,490.3 1 1
github.com/uber/h3-go/v4/h3.go:492.2,495.50 3 1
github.com/uber/h3-go/v4/h3.go:505.135,507.32 2 1
github.com/uber/h3-go/v4/h3.go:507.32,509.3 1 1
github.com/uber/h3-go/v4/h3.go:510.2,510.31 1 1
github.com/uber/h3-go/v4/h3.go:510.31,512.3 1 1
github.com/uber/h3-go/v4/h3.go:513.2,518.120 4 1
github.com/uber/h3-go/v4/h3.go:518.120,520.3 1 1
github.com/uber/h3-go/v4/h3.go:522.2,525.50 3 1
github.com/uber/h3-go/v4/h3.go:535.59,537.2 1 1
github.com/uber/h3-go/v4/h3.go:547.62,548.21 1 1
github.com/uber/h3-go/v4/h3.go:548.21,550.3 1 1
github.com/uber/h3-go/v4/h3.go:551.2,553.116 3 1
github.com/uber/h3-go/v4/h3.go:553.116,555.3 1 1
github.com/uber/h3-go/v4/h3.go:557.2,559.22 3 1
github.com/uber/h3-go/v4/h3.go:559.22,562.3 2 1
github.com/uber/h3-go/v4/h3.go:564.2,569.22 4 1
github.com/uber/h3-go/v4/h3.go:569.22,572.23 3 1
github.com/uber/h3-go/v4/h3.go:572.23,575.4 2 1
github.com/uber/h3-go/v4/h3.go:576.3,581.23 4 1
github.com/uber/h3-go/v4/h3.go:581.23,584.22 3 1
github.com/uber/h3-go/v4/h3.go:584.22,587.5 2 1
github.com/uber/h3-go/v4/h3.go:588.4,593.22 4 1
github.com/uber/h3-go/v4/h3.go:593.22,597.5 3 1
github.com/uber/h3-go/v4/h3.go:599.4,601.28 3 1
github.com/uber/h3-go/v4/h3.go:604.3,606.27 3 1
github.com/uber/h3-go/v4/h3.go:609.2,610.17 2 1
github.com/uber/h3-go/v4/h3.go:615.51,617.2 1 1
github.com/uber/h3-go/v4/h3.go:621.49,623.2 1 1
github.com/uber/h3-go/v4/h3.go:627.48,629.2 1 1
github.com/uber/h3-go/v4/h3.go:633.57,639.2 3 1
github.com/uber/h3-go/v4/h3.go:643.56,649.2 3 1
github.com/uber/h3-go/v4/h3.go:652.45,658.2 3 1
github.com/uber/h3-go/v4/h3.go:661.43,667.2 3 1
github.com/uber/h3-go/v4/h3.go:670.42,676.2 3 1
github.com/uber/h3-go/v4/h3.go:680.62,686.2 3 1
github.com/uber/h3-go/v4/h3.go:690.61,696.2 3 1
github.com/uber/h3-go/v4/h3.go:700.54,706.2 3 1
github.com/uber/h3-go/v4/h3.go:710.52,716.2 3 1
github.com/uber/h3-go/v4/h3.go:720.51,726.2 3 1
github.com/uber/h3-go/v4/h3.go:729.35,733.2 1 1
github.com/uber/h3-go/v4/h3.go:736.34,741.2 3 1
github.com/uber/h3-go/v4/h3.go:744.48,749.2 3 1
github.com/uber/h3-go/v4/h3.go:752.32,754.2 1 1
github.com/uber/h3-go/v4/h3.go:757.40,759.2 1 1
github.com/uber/h3-go/v4/h3.go:762.34,764.2 1 1
github.com/uber/h3-go/v4/h3.go:768.33,770.2 1 1
github.com/uber/h3-go/v4/h3.go:774.36,776.2 1 1
github.com/uber/h3-go/v4/h3.go:780.39,781.50 1 1
github.com/uber/h3-go/v4/h3.go:781.50,783.3 1 1
github.com/uber/h3-go/v4/h3.go:784.2,786.10 2 1
github.com/uber/h3-go/v4/h3.go:790.37,792.2 1 1
github.com/uber/h3-go/v4/h3.go:796.36,798.2 1 1
github.com/uber/h3-go/v4/h3.go:801.34,803.2 1 1
github.com/uber/h3-go/v4/h3.go:807.40,809.2 1 1
github.com/uber/h3-go/v4/h3.go:813.52,815.2 1 1
github.com/uber/h3-go/v4/h3.go:818.31,820.2 1 1
github.com/uber/h3-go/v4/h3.go:823.45,825.2 1 1
github.com/uber/h3-go/v4/h3.go:828.49,830.18 2 1
github.com/uber/h3-go/v4/h3.go:830.18,832.3 1 1
github.com/uber/h3-go/v4/h3.go:833.2,833.12 1 1
github.com/uber/h3-go/v4/h3.go:837.30,839.2 1 1
github.com/uber/h3-go/v4/h3.go:842.52,848.2 3 1
github.com/uber/h3-go/v4/h3.go:851.47,853.2 1 1
github.com/uber/h3-go/v4/h3.go:856.56,859.93 2 1
github.com/uber/h3-go/v4/h3.go:859.93,861.3 1 1
github.com/uber/h3-go/v4/h3.go:862.2,867.51 3 1
github.com/uber/h3-go/v4/h3.go:871.51,873.2 1 1
github.com/uber/h3-go/v4/h3.go:876.57,882.2 3 1
github.com/uber/h3-go/v4/h3.go:886.36,888.2 1 1
github.com/uber/h3-go/v4/h3.go:891.33,893.2 1 1
github.com/uber/h3-go/v4/h3.go:896.49,906.2 5 1
github.com/uber/h3-go/v4/h3.go:909.52,914.2 3 1
github.com/uber/h3-go/v4/h3.go:919.55,921.2 1 1
github.com/uber/h3-go/v4/h3.go:924.62,929.2 3 1
github.com/uber/h3-go/v4/h3.go:932.55,939.2 3 1
github.com/uber/h3-go/v4/h3.go:942.38,944.2 1 1
github.com/uber/h3-go/v4/h3.go:947.46,952.2 3 1
github.com/uber/h3-go/v4/h3.go:955.51,960.2 3 1
github.com/uber/h3-go/v4/h3.go:963.47,965.76 2 1
github.com/uber/h3-go/v4/h3.go:965.76,967.3 1 1
github.com/uber/h3-go/v4/h3.go:969.2,969.43 1 1
github.com/uber/h3-go/v4/h3.go:976.56,978.76 2 1
github.com/uber/h3-go/v4/h3.go:978.76,980.3 1 1
github.com/uber/h3-go/v4/h3.go:982.2,982.34 1 1
github.com/uber/h3-go/v4/h3.go:988.63,990.2 1 1
github.com/uber/h3-go/v4/h3.go:993.39,995.2 1 1
github.com/uber/h3-go/v4/h3.go:998.53,1000.2 1 1
github.com/uber/h3-go/v4/h3.go:1003.57,1005.18 2 1
github.com/uber/h3-go/v4/h3.go:1005.18,1007.3 1 1
github.com/uber/h3-go/v4/h3.go:1008.2,1008.12 1 1
github.com/uber/h3-go/v4/h3.go:1013.46,1022.2 5 1
github.com/uber/h3-go/v4/h3.go:1026.64,1029.107 3 1
github.com/uber/h3-go/v4/h3.go:1029.107,1031.3 1 1
github.com/uber/h3-go/v4/h3.go:1033.2,1039.51 3 1
github.com/uber/h3-go/v4/h3.go:1044.73,1050.2 3 1
github.com/uber/h3-go/v4/h3.go:1054.74,1056.2 1 1
github.com/uber/h3-go/v4/h3.go:1060.58,1066.2 3 1
github.com/uber/h3-go/v4/h3.go:1070.53,1072.2 1 1
github.com/uber/h3-go/v4/h3.go:1078.43,1083.2 3 1
github.com/uber/h3-go/v4/h3.go:1089.53,1091.2 1 1
github.com/uber/h3-go/v4/h3.go:1097.42,1099.87 2 1
github.com/uber/h3-go/v4/h3.go:1099.87,1101.3 1 1
github.com/uber/h3-go/v4/h3.go:1103.2,1104.84 2 1
github.com/uber/h3-go/v4/h3.go:1104.84,1106.3 1 1
github.com/uber/h3-go/v4/h3.go:1108.2,1108.43 1 1
github.com/uber/h3-go/v4/h3.go:1115.52,1117.2 1 1
github.com/uber/h3-go/v4/h3.go:1126.56,1131.2 3 1
github.com/uber/h3-go/v4/h3.go:1138.59,1143.2 3 1
github.com/uber/h3-go/v4/h3.go:1146.53,1148.2 1 1
github.com/uber/h3-go/v4/h3.go:1151.58,1156.2 3 1
github.com/uber/h3-go/v4/h3.go:1159.44,1161.2 1 1
github.com/uber/h3-go/v4/h3.go:1164.47,1166.71 2 1
github.com/uber/h3-go/v4/h3.go:1166.71,1168.3 1 1
github.com/uber/h3-go/v4/h3.go:1169.2,1169.32 1 1
github.com/uber/h3-go/v4/h3.go:1173.42,1175.2 1 1
github.com/uber/h3-go/v4/h3.go:1178.52,1182.2 3 1
github.com/uber/h3-go/v4/h3.go:1185.32,1187.2 1 1
github.com/uber/h3-go/v4/h3.go:1190.35,1192.2 1 1
github.com/uber/h3-go/v4/h3.go:1195.33,1197.2 1 1
github.com/uber/h3-go/v4/h3.go:1200.47,1202.2 1 1
github.com/uber/h3-go/v4/h3.go:1205.51,1207.18 2 1
github.com/uber/h3-go/v4/h3.go:1207.18,1209.3 1 1
github.com/uber/h3-go/v4/h3.go:1210.2,1210.12 1 1
github.com/uber/h3-go/v4/h3.go:1213.65,1215.2 1 1
github.com/uber/h3-go/v4/h3.go:1220.57,1222.2 1 1
github.com/uber/h3-go/v4/h3.go:1224.33,1226.2 1 1
github.com/uber/h3-go/v4/h3.go:1228.38,1233.2 1 1
github.com/uber/h3-go/v4/h3.go:1235.54,1237.42 2 1
github.com/uber/h3-go/v4/h3.go:1237.42,1239.3 1 1
github.com/uber/h3-go/v4/h3.go:1241.2,1241.10 1 1
github.com/uber/h3-go/v4/h3.go:1244.26,1245.12 1 1
github.com/uber/h3-go/v4/h3.go:1245.12,1247.3 1 1
github.com/uber/h3-go/v4/h3.go:1249.2,1249.14 1 1
github.com/uber/h3-go/v4/h3.go:1255.44,1256.22 1 1
github.com/uber/h3-go/v4/h3.go:1256.22,1258.3 1 1
github.com/uber/h3-go/v4/h3.go:1261.2,1264.28 3 1
github.com/uber/h3-go/v4/h3.go:1264.28,1267.3 2 1
github.com/uber/h3-go/v4/h3.go:1269.2,1269.28 1 1
github.com/uber/h3-go/v4/h3.go:1275.50,1276.25 1 1
github.com/uber/h3-go/v4/h3.go:1276.25,1278.3 1 1
github.com/uber/h3-go/v4/h3.go:1281.2,1285.35 3 1
github.com/uber/h3-go/v4/h3.go:1285.35,1293.3 3 1
github.com/uber/h3-go/v4/h3.go:1295.2,1295.33 1 1
github.com/uber/h3-go/v4/h3.go:1299.51,1311.2 3 1
github.com/uber/h3-go/v4/h3.go:1314.41,1320.43 4 1
github.com/uber/h3-go/v4/h3.go:1320.43,1324.3 3 1
github.com/uber/h3-go/v4/h3.go:1326.2,1327.17 2 1
github.com/uber/h3-go/v4/h3.go:1331.27,1332.12 1 1
github.com/uber/h3-go/v4/h3.go:1332.12,1334.3 1 1
github.com/uber/h3-go/v4/h3.go:1335.2,1337.26 2 1
github.com/uber/h3-go/v4/h3.go:1337.26,1339.3 1 1
github.com/uber/h3-go/v4/h3.go:1341.2,1341.15 1 1
github.com/uber/h3-go/v4/h3.go:1344.60,1347.20 3 1
github.com/uber/h3-go/v4/h3.go:1347.20,1348.26 1 1
github.com/uber/h3-go/v4/h3.go:1348.26,1349.12 1 1
github.com/uber/h3-go/v4/h3.go:1351.3,1351.27 1 1
github.com/uber/h3-go/v4/h3.go:1353.2,1353.11 1 1
github.com/uber/h3-go/v4/h3.go:1353.11,1356.38 1 1
github.com/uber/h3-go/v4/h3.go:1356.38,1357.19 1 1
github.com/uber/h3-go/v4/h3.go:1357.19,1359.5 1 1
github.com/uber/h3-go/v4/h3.go:1362.2,1362.12 1 1
github.com/uber/h3-go/v4/h3.go:1365.46,1368.20 3 1
github.com/uber/h3-go/v4/h3.go:1368.20,1369.17 1 1
github.com/uber/h3-go/v4/h3.go:1369.17,1370.12 1 1
github.com/uber/h3-go/v4/h3.go:1372.3,1372.27 1 1
github.com/uber/h3-go/v4/h3.go:1374.2,1374.12 1 1
github.com/uber/h3-go/v4/h3.go:1377.49,1380.21 2 1
github.com/uber/h3-go/v4/h3.go:1380.21,1381.18 1 1
github.com/uber/h3-go/v4/h3.go:1381.18,1382.12 1 1
github.com/uber/h3-go/v4/h3.go:1385.3,1385.42 1 1
github.com/uber/h3-go/v4/h3.go:1388.2,1388.12 1 1
github.com/uber/h3-go/v4/h3.go:1391.39,1393.2 1 1
github.com/uber/h3-go/v4/h3.go:1395.35,1398.21 2 1
github.com/uber/h3-go/v4/h3.go:1398.21,1401.19 1 1
github.com/uber/h3-go/v4/h3.go:1401.19,1403.4 1 1
github.com/uber/h3-go/v4/h3.go:1406.2,1406.12 1 1
github.com/uber/h3-go/v4/h3.go:1409.33,1417.2 7 1
github.com/uber/h3-go/v4/h3.go:1419.36,1424.2 1 1
github.com/uber/h3-go/v4/h3.go:1426.39,1431.2 1 1
github.com/uber/h3-go/v4/h3.go:1435.35,1437.8 2 1
github.com/uber/h3-go/v4/h3.go:1437.8,1439.3 1 1
github.com/uber/h3-go/v4/h3.go:1440.2,1440.18 1 1
github.com/uber/h3-go/v4/h3.go:1443.64,1447.2 3 1
github.com/uber/h3-go/v4/h3.go:1449.39,1451.2 1 1
github.com/uber/h3-go/v4/h3.go:1453.45,1455.2 1 1
github.com/uber/h3-go/v4/h3.go:1457.55,1459.2 1 1
